<?xml version="1.0" encoding="UTF-8"?>
<!-- Generated by org.testng.reporters.JUnitXMLReporter -->
<testsuite hostname="CHMB114788.local" name="JMPC_HomeScreen" tests="1" failures="1" timestamp="13 Dec 2018 07:06:18 GMT" time="1.155" errors="0">
  <testcase name="feature" time="0.643" classname="CucumberRunner">
    <failure type="cucumber.runtime.CucumberException" message="java.lang.AssertionError: Exception expected">
      <![CDATA[cucumber.runtime.CucumberException: java.lang.AssertionError: Exception expected
	at cucumber.api.testng.TestNGCucumberRunner.runCucumber(TestNGCucumberRunner.java:69)
	at cucumber.api.testng.AbstractTestNGCucumberTests.feature(AbstractTestNGCucumberTests.java:21)
Caused by: java.lang.AssertionError: Exception expected
	at org.junit.Assert.fail(Assert.java:88)
	at com.photon.framework.StepDefinition.HomeScreenStep.Customer_validate_JPMC_home_screen_images(HomeScreenStep.java:35)
	at âœ½.Then Customer validate JPMC home screen images(Smoke/Smoke.feature:14)
... Removed 24 stack frames]]>
    </failure>
  </testcase> <!-- feature -->
</testsuite> <!-- JMPC_HomeScreen -->
